<?xml version="1.0" encoding="UTF-8"?>
<testsuite xmlns:xsi="http://www.w3.org/2001/XMLSchema-instance" xsi:noNamespaceSchemaLocation="https://maven.apache.org/surefire/maven-surefire-plugin/xsd/surefire-test-report-3.0.xsd" version="3.0" name="TestSuite" time="45.852" tests="5" errors="0" skipped="0" failures="1">
  <properties>
    <property name="awt.toolkit" value="sun.lwawt.macosx.LWCToolkit"/>
    <property name="java.specification.version" value="12"/>
    <property name="sun.jnu.encoding" value="UTF-8"/>
    <property name="java.class.path" value="/Users/sundeeppamulapati/Fedex/target/test-classes:/Users/sundeeppamulapati/Fedex/target/classes:/Users/sundeeppamulapati/.m2/repository/org/seleniumhq/selenium/selenium-java/3.141.59/selenium-java-3.141.59.jar:/Users/sundeeppamulapati/.m2/repository/org/seleniumhq/selenium/selenium-api/3.141.59/selenium-api-3.141.59.jar:/Users/sundeeppamulapati/.m2/repository/org/seleniumhq/selenium/selenium-chrome-driver/3.141.59/selenium-chrome-driver-3.141.59.jar:/Users/sundeeppamulapati/.m2/repository/org/seleniumhq/selenium/selenium-edge-driver/3.141.59/selenium-edge-driver-3.141.59.jar:/Users/sundeeppamulapati/.m2/repository/org/seleniumhq/selenium/selenium-firefox-driver/3.141.59/selenium-firefox-driver-3.141.59.jar:/Users/sundeeppamulapati/.m2/repository/org/seleniumhq/selenium/selenium-ie-driver/3.141.59/selenium-ie-driver-3.141.59.jar:/Users/sundeeppamulapati/.m2/repository/org/seleniumhq/selenium/selenium-opera-driver/3.141.59/selenium-opera-driver-3.141.59.jar:/Users/sundeeppamulapati/.m2/repository/org/seleniumhq/selenium/selenium-remote-driver/3.141.59/selenium-remote-driver-3.141.59.jar:/Users/sundeeppamulapati/.m2/repository/org/seleniumhq/selenium/selenium-safari-driver/3.141.59/selenium-safari-driver-3.141.59.jar:/Users/sundeeppamulapati/.m2/repository/org/seleniumhq/selenium/selenium-support/3.141.59/selenium-support-3.141.59.jar:/Users/sundeeppamulapati/.m2/repository/net/bytebuddy/byte-buddy/1.8.15/byte-buddy-1.8.15.jar:/Users/sundeeppamulapati/.m2/repository/org/apache/commons/commons-exec/1.3/commons-exec-1.3.jar:/Users/sundeeppamulapati/.m2/repository/com/google/guava/guava/25.0-jre/guava-25.0-jre.jar:/Users/sundeeppamulapati/.m2/repository/com/google/code/findbugs/jsr305/1.3.9/jsr305-1.3.9.jar:/Users/sundeeppamulapati/.m2/repository/org/checkerframework/checker-compat-qual/2.0.0/checker-compat-qual-2.0.0.jar:/Users/sundeeppamulapati/.m2/repository/com/google/errorprone/error_prone_annotations/2.1.3/error_prone_annotations-2.1.3.jar:/Users/sundeeppamulapati/.m2/repository/com/google/j2objc/j2objc-annotations/1.1/j2objc-annotations-1.1.jar:/Users/sundeeppamulapati/.m2/repository/org/codehaus/mojo/animal-sniffer-annotations/1.14/animal-sniffer-annotations-1.14.jar:/Users/sundeeppamulapati/.m2/repository/com/squareup/okhttp3/okhttp/3.11.0/okhttp-3.11.0.jar:/Users/sundeeppamulapati/.m2/repository/com/squareup/okio/okio/1.14.0/okio-1.14.0.jar:/Users/sundeeppamulapati/.m2/repository/org/testng/testng/6.8/testng-6.8.jar:/Users/sundeeppamulapati/.m2/repository/org/beanshell/bsh/2.0b4/bsh-2.0b4.jar:/Users/sundeeppamulapati/.m2/repository/com/beust/jcommander/1.27/jcommander-1.27.jar:/Users/sundeeppamulapati/.m2/repository/org/yaml/snakeyaml/1.6/snakeyaml-1.6.jar:/Users/sundeeppamulapati/.m2/repository/com/aventstack/extentreports/4.0.0/extentreports-4.0.0.jar:/Users/sundeeppamulapati/.m2/repository/org/freemarker/freemarker/2.3.23/freemarker-2.3.23.jar:/Users/sundeeppamulapati/.m2/repository/org/mongodb/mongodb-driver/3.3.0/mongodb-driver-3.3.0.jar:/Users/sundeeppamulapati/.m2/repository/org/mongodb/mongodb-driver-core/3.3.0/mongodb-driver-core-3.3.0.jar:/Users/sundeeppamulapati/.m2/repository/org/mongodb/bson/3.3.0/bson-3.3.0.jar:/Users/sundeeppamulapati/.m2/repository/org/apache/httpcomponents/httpclient/4.5.2/httpclient-4.5.2.jar:/Users/sundeeppamulapati/.m2/repository/org/apache/httpcomponents/httpcore/4.4.4/httpcore-4.4.4.jar:/Users/sundeeppamulapati/.m2/repository/commons-logging/commons-logging/1.2/commons-logging-1.2.jar:/Users/sundeeppamulapati/.m2/repository/commons-codec/commons-codec/1.9/commons-codec-1.9.jar:/Users/sundeeppamulapati/.m2/repository/org/apache/httpcomponents/httpmime/4.5.2/httpmime-4.5.2.jar:/Users/sundeeppamulapati/.m2/repository/com/google/code/gson/gson/2.8.5/gson-2.8.5.jar:/Users/sundeeppamulapati/.m2/repository/commons-io/commons-io/2.6/commons-io-2.6.jar:/Users/sundeeppamulapati/.m2/repository/junit/junit/4.12/junit-4.12.jar:/Users/sundeeppamulapati/.m2/repository/org/hamcrest/hamcrest-core/1.3/hamcrest-core-1.3.jar:"/>
    <property name="java.vm.vendor" value="Oracle Corporation"/>
    <property name="sun.arch.data.model" value="64"/>
    <property name="java.vendor.url" value="https://java.oracle.com/"/>
    <property name="os.name" value="Mac OS X"/>
    <property name="java.vm.specification.version" value="12"/>
    <property name="sun.java.launcher" value="SUN_STANDARD"/>
    <property name="user.country" value="GB"/>
    <property name="sun.boot.library.path" value="/Library/Java/JavaVirtualMachines/jdk-12.0.2.jdk/Contents/Home/lib"/>
    <property name="sun.java.command" value="/Users/sundeeppamulapati/Fedex/target/surefire/surefirebooter17733742452680541851.jar /Users/sundeeppamulapati/Fedex/target/surefire 2019-10-22T22-49-17_275-jvmRun1 surefire3075060882346821904tmp surefire_07866549517550641298tmp"/>
    <property name="http.nonProxyHosts" value="local|*.local|169.254/16|*.169.254/16"/>
    <property name="jdk.debug" value="release"/>
    <property name="surefire.test.class.path" value="/Users/sundeeppamulapati/Fedex/target/test-classes:/Users/sundeeppamulapati/Fedex/target/classes:/Users/sundeeppamulapati/.m2/repository/org/seleniumhq/selenium/selenium-java/3.141.59/selenium-java-3.141.59.jar:/Users/sundeeppamulapati/.m2/repository/org/seleniumhq/selenium/selenium-api/3.141.59/selenium-api-3.141.59.jar:/Users/sundeeppamulapati/.m2/repository/org/seleniumhq/selenium/selenium-chrome-driver/3.141.59/selenium-chrome-driver-3.141.59.jar:/Users/sundeeppamulapati/.m2/repository/org/seleniumhq/selenium/selenium-edge-driver/3.141.59/selenium-edge-driver-3.141.59.jar:/Users/sundeeppamulapati/.m2/repository/org/seleniumhq/selenium/selenium-firefox-driver/3.141.59/selenium-firefox-driver-3.141.59.jar:/Users/sundeeppamulapati/.m2/repository/org/seleniumhq/selenium/selenium-ie-driver/3.141.59/selenium-ie-driver-3.141.59.jar:/Users/sundeeppamulapati/.m2/repository/org/seleniumhq/selenium/selenium-opera-driver/3.141.59/selenium-opera-driver-3.141.59.jar:/Users/sundeeppamulapati/.m2/repository/org/seleniumhq/selenium/selenium-remote-driver/3.141.59/selenium-remote-driver-3.141.59.jar:/Users/sundeeppamulapati/.m2/repository/org/seleniumhq/selenium/selenium-safari-driver/3.141.59/selenium-safari-driver-3.141.59.jar:/Users/sundeeppamulapati/.m2/repository/org/seleniumhq/selenium/selenium-support/3.141.59/selenium-support-3.141.59.jar:/Users/sundeeppamulapati/.m2/repository/net/bytebuddy/byte-buddy/1.8.15/byte-buddy-1.8.15.jar:/Users/sundeeppamulapati/.m2/repository/org/apache/commons/commons-exec/1.3/commons-exec-1.3.jar:/Users/sundeeppamulapati/.m2/repository/com/google/guava/guava/25.0-jre/guava-25.0-jre.jar:/Users/sundeeppamulapati/.m2/repository/com/google/code/findbugs/jsr305/1.3.9/jsr305-1.3.9.jar:/Users/sundeeppamulapati/.m2/repository/org/checkerframework/checker-compat-qual/2.0.0/checker-compat-qual-2.0.0.jar:/Users/sundeeppamulapati/.m2/repository/com/google/errorprone/error_prone_annotations/2.1.3/error_prone_annotations-2.1.3.jar:/Users/sundeeppamulapati/.m2/repository/com/google/j2objc/j2objc-annotations/1.1/j2objc-annotations-1.1.jar:/Users/sundeeppamulapati/.m2/repository/org/codehaus/mojo/animal-sniffer-annotations/1.14/animal-sniffer-annotations-1.14.jar:/Users/sundeeppamulapati/.m2/repository/com/squareup/okhttp3/okhttp/3.11.0/okhttp-3.11.0.jar:/Users/sundeeppamulapati/.m2/repository/com/squareup/okio/okio/1.14.0/okio-1.14.0.jar:/Users/sundeeppamulapati/.m2/repository/org/testng/testng/6.8/testng-6.8.jar:/Users/sundeeppamulapati/.m2/repository/org/beanshell/bsh/2.0b4/bsh-2.0b4.jar:/Users/sundeeppamulapati/.m2/repository/com/beust/jcommander/1.27/jcommander-1.27.jar:/Users/sundeeppamulapati/.m2/repository/org/yaml/snakeyaml/1.6/snakeyaml-1.6.jar:/Users/sundeeppamulapati/.m2/repository/com/aventstack/extentreports/4.0.0/extentreports-4.0.0.jar:/Users/sundeeppamulapati/.m2/repository/org/freemarker/freemarker/2.3.23/freemarker-2.3.23.jar:/Users/sundeeppamulapati/.m2/repository/org/mongodb/mongodb-driver/3.3.0/mongodb-driver-3.3.0.jar:/Users/sundeeppamulapati/.m2/repository/org/mongodb/mongodb-driver-core/3.3.0/mongodb-driver-core-3.3.0.jar:/Users/sundeeppamulapati/.m2/repository/org/mongodb/bson/3.3.0/bson-3.3.0.jar:/Users/sundeeppamulapati/.m2/repository/org/apache/httpcomponents/httpclient/4.5.2/httpclient-4.5.2.jar:/Users/sundeeppamulapati/.m2/repository/org/apache/httpcomponents/httpcore/4.4.4/httpcore-4.4.4.jar:/Users/sundeeppamulapati/.m2/repository/commons-logging/commons-logging/1.2/commons-logging-1.2.jar:/Users/sundeeppamulapati/.m2/repository/commons-codec/commons-codec/1.9/commons-codec-1.9.jar:/Users/sundeeppamulapati/.m2/repository/org/apache/httpcomponents/httpmime/4.5.2/httpmime-4.5.2.jar:/Users/sundeeppamulapati/.m2/repository/com/google/code/gson/gson/2.8.5/gson-2.8.5.jar:/Users/sundeeppamulapati/.m2/repository/commons-io/commons-io/2.6/commons-io-2.6.jar:/Users/sundeeppamulapati/.m2/repository/junit/junit/4.12/junit-4.12.jar:/Users/sundeeppamulapati/.m2/repository/org/hamcrest/hamcrest-core/1.3/hamcrest-core-1.3.jar:"/>
    <property name="sun.cpu.endian" value="little"/>
    <property name="user.home" value="/Users/sundeeppamulapati"/>
    <property name="user.language" value="en"/>
    <property name="java.specification.vendor" value="Oracle Corporation"/>
    <property name="java.version.date" value="2019-07-16"/>
    <property name="java.home" value="/Library/Java/JavaVirtualMachines/jdk-12.0.2.jdk/Contents/Home"/>
    <property name="file.separator" value="/"/>
    <property name="basedir" value="/Users/sundeeppamulapati/Fedex"/>
    <property name="java.vm.compressedOopsMode" value="Zero based"/>
    <property name="line.separator" value="&#10;"/>
    <property name="java.specification.name" value="Java Platform API Specification"/>
    <property name="java.vm.specification.vendor" value="Oracle Corporation"/>
    <property name="java.awt.graphicsenv" value="sun.awt.CGraphicsEnvironment"/>
    <property name="surefire.real.class.path" value="/Users/sundeeppamulapati/Fedex/target/surefire/surefirebooter17733742452680541851.jar"/>
    <property name="sun.management.compiler" value="HotSpot 64-Bit Tiered Compilers"/>
    <property name="ftp.nonProxyHosts" value="local|*.local|169.254/16|*.169.254/16"/>
    <property name="java.runtime.version" value="12.0.2+10"/>
    <property name="user.name" value="sundeeppamulapati"/>
    <property name="path.separator" value=":"/>
    <property name="os.version" value="10.13.6"/>
    <property name="java.runtime.name" value="Java(TM) SE Runtime Environment"/>
    <property name="file.encoding" value="UTF-8"/>
    <property name="java.vm.name" value="Java HotSpot(TM) 64-Bit Server VM"/>
    <property name="localRepository" value="/Users/sundeeppamulapati/.m2/repository"/>
    <property name="java.vendor.url.bug" value="https://bugreport.java.com/bugreport/"/>
    <property name="java.io.tmpdir" value="/var/folders/r1/jxw_cnks2s595lpgfcnnrf540000gn/T/"/>
    <property name="java.version" value="12.0.2"/>
    <property name="user.dir" value="/Users/sundeeppamulapati/Fedex"/>
    <property name="os.arch" value="x86_64"/>
    <property name="java.vm.specification.name" value="Java Virtual Machine Specification"/>
    <property name="java.library.path" value="/Users/sundeeppamulapati/Library/Java/Extensions:/Library/Java/Extensions:/Network/Library/Java/Extensions:/System/Library/Java/Extensions:/usr/lib/java:."/>
    <property name="java.vm.info" value="mixed mode, sharing"/>
    <property name="java.vendor" value="Oracle Corporation"/>
    <property name="java.vm.version" value="12.0.2+10"/>
    <property name="sun.io.unicode.encoding" value="UnicodeBig"/>
    <property name="socksNonProxyHosts" value="local|*.local|169.254/16|*.169.254/16"/>
    <property name="java.class.version" value="56.0"/>
  </properties>
  <testcase name="page1" classname="Logistics.Fedex1" time="10.223">
    <failure message="no such element: Unable to locate element: {&quot;method&quot;:&quot;css selector&quot;,&quot;selector&quot;:&quot;#fromAddress&quot;}&#10;  (Session info: chrome=77.0.3865.120)&#10;For documentation on this error, please visit: https://www.seleniumhq.org/exceptions/no_such_element.html&#10;Build info: version: &apos;3.141.59&apos;, revision: &apos;e82be7d358&apos;, time: &apos;2018-11-14T08:17:03&apos;&#10;System info: host: &apos;SUNDEEPs-MacBook-Pro-3.local&apos;, ip: &apos;fe80:0:0:0:10da:fd3d:55d6:8df%en0&apos;, os.name: &apos;Mac OS X&apos;, os.arch: &apos;x86_64&apos;, os.version: &apos;10.13.6&apos;, java.version: &apos;12.0.2&apos;&#10;Driver info: org.openqa.selenium.chrome.ChromeDriver&#10;Capabilities {acceptInsecureCerts: false, browserName: chrome, browserVersion: 77.0.3865.120, chrome: {chromedriverVersion: 76.0.3809.126 (d80a294506b4..., userDataDir: /var/folders/r1/jxw_cnks2s5...}, goog:chromeOptions: {debuggerAddress: localhost:56095}, javascriptEnabled: true, networkConnectionEnabled: false, pageLoadStrategy: normal, platform: MAC, platformName: MAC, proxy: Proxy(), setWindowRect: true, strictFileInteractability: false, timeouts: {implicit: 0, pageLoad: 300000, script: 30000}, unhandledPromptBehavior: dismiss and notify}&#10;Session ID: 9044a2a2854a9445ca4efb610dd9ed02&#10;*** Element info: {Using=id, value=fromAddress}" type="org.openqa.selenium.NoSuchElementException">org.openqa.selenium.NoSuchElementException: 
no such element: Unable to locate element: {"method":"css selector","selector":"#fromAddress"}
  (Session info: chrome=77.0.3865.120)
For documentation on this error, please visit: https://www.seleniumhq.org/exceptions/no_such_element.html
Build info: version: '3.141.59', revision: 'e82be7d358', time: '2018-11-14T08:17:03'
System info: host: 'SUNDEEPs-MacBook-Pro-3.local', ip: 'fe80:0:0:0:10da:fd3d:55d6:8df%en0', os.name: 'Mac OS X', os.arch: 'x86_64', os.version: '10.13.6', java.version: '12.0.2'
Driver info: org.openqa.selenium.chrome.ChromeDriver
Capabilities {acceptInsecureCerts: false, browserName: chrome, browserVersion: 77.0.3865.120, chrome: {chromedriverVersion: 76.0.3809.126 (d80a294506b4..., userDataDir: /var/folders/r1/jxw_cnks2s5...}, goog:chromeOptions: {debuggerAddress: localhost:56095}, javascriptEnabled: true, networkConnectionEnabled: false, pageLoadStrategy: normal, platform: MAC, platformName: MAC, proxy: Proxy(), setWindowRect: true, strictFileInteractability: false, timeouts: {implicit: 0, pageLoad: 300000, script: 30000}, unhandledPromptBehavior: dismiss and notify}
Session ID: 9044a2a2854a9445ca4efb610dd9ed02
*** Element info: {Using=id, value=fromAddress}
	at Logistics.Fedex1.page1(Fedex1.java:41)
</failure>
    <system-err><![CDATA[Starting ChromeDriver 76.0.3809.126 (d80a294506b4c9d18015e755cee48f953ddc3f2f-refs/branch-heads/3809@{#1024}) on port 26884
Only local connections are allowed.
Please protect ports used by ChromeDriver and related test frameworks to prevent access by malicious code.
[1571780960.151][WARNING]: This version of ChromeDriver has not been tested with Chrome version 77.
Oct 22, 2019 10:49:20 PM org.openqa.selenium.remote.ProtocolHandshake createSession
INFO: Detected dialect: W3C
Starting ChromeDriver 76.0.3809.126 (d80a294506b4c9d18015e755cee48f953ddc3f2f-refs/branch-heads/3809@{#1024}) on port 5036
Only local connections are allowed.
Please protect ports used by ChromeDriver and related test frameworks to prevent access by malicious code.
[1571780964.788][WARNING]: This version of ChromeDriver has not been tested with Chrome version 77.
Oct 22, 2019 10:49:24 PM org.openqa.selenium.remote.ProtocolHandshake createSession
INFO: Detected dialect: W3C
]]></system-err>
  </testcase>
  <testcase name="page2" classname="Logistics.Fedex2" time="7.774"/>
  <testcase name="page3" classname="Logistics.Fedex3" time="6.465"/>
  <testcase name="page3" classname="Logistics.Fedex3" time="3.38"/>
  <testcase name="page3" classname="Logistics.Fedex3" time="3.827"/>
</testsuite>