<?xml version="1.0" encoding="UTF-8"?>
<!-- Generated by org.testng.reporters.JUnitReportReporter -->
<testsuite hostname="SUNDEEPs-MacBook-Pro-3.local" failures="0" tests="3" name="Logistics.Fedex3" time="29.021" errors="0" timestamp="23 Oct 2019 09:56:02 GMT">
  <testcase classname="Logistics.Fedex3" name="page3" time="5.932"/>
  <testcase classname="Logistics.Fedex3" name="page3" time="7.838"/>
  <testcase classname="Logistics.Fedex3" name="page3" time="15.251"/>
</testsuite> <!-- Logistics.Fedex3 -->
