<?xml version="1.0" encoding="UTF-8"?>
<!-- Generated by org.testng.reporters.JUnitReportReporter -->
<testsuite hostname="SUNDEEPs-MacBook-Pro-3.local" failures="0" tests="2" name="Logistics.Fedex2" time="7.858" errors="0" timestamp="23 Oct 2019 12:05:16 GMT">
  <testcase classname="Logistics.Fedex2" name="ValidateClearlink" time="0.092"/>
  <testcase classname="Logistics.Fedex2" name="page2" time="7.766"/>
</testsuite> <!-- Logistics.Fedex2 -->
