<?xml version="1.0" encoding="UTF-8"?>
<!-- Generated by org.testng.reporters.JUnitReportReporter -->
<testsuite hostname="SUNDEEPs-MacBook-Pro-3.local" failures="0" tests="1" name="Logistics.Fedex2" time="7.777" errors="0" timestamp="22 Oct 2019 21:50:04 GMT">
  <testcase classname="Logistics.Fedex2" name="page2" time="7.777"/>
</testsuite> <!-- Logistics.Fedex2 -->
