<?xml version="1.0" encoding="UTF-8"?>
<!-- Generated by org.testng.reporters.JUnitReportReporter -->
<testsuite hostname="SUNDEEPs-MacBook-Pro-3.local" failures="0" tests="3" name="Logistics.Fedex3" time="18.568" errors="0" timestamp="22 Oct 2019 21:50:04 GMT">
  <testcase classname="Logistics.Fedex3" name="page3" time="5.403"/>
  <testcase classname="Logistics.Fedex3" name="page3" time="5.200"/>
  <testcase classname="Logistics.Fedex3" name="page3" time="7.965"/>
</testsuite> <!-- Logistics.Fedex3 -->
